<?xml version="1.0" encoding="UTF-8"?>
<!-- Generated by org.testng.reporters.JUnitReportReporter -->
<testsuite hostname="DESKTOP-ABS5GUK" name="Projpack.TestCase1" tests="1" failures="0" timestamp="15 May 2020 20:34:41 GMT" time="11.791" errors="0">
  <testcase name="tc1" time="11.791" classname="Projpack.TestCase1"/>
</testsuite> <!-- Projpack.TestCase1 -->
