<?xml version="1.0" encoding="UTF-8"?>
<!-- Generated by org.testng.reporters.JUnitReportReporter -->
<testsuite skipped="0" hostname="DESKTOP-ABS5GUK" name="Projpack.TestCase1" tests="1" failures="0" timestamp="2020-05-16T02:05:13 IST" time="11.309" errors="0">
  <testcase name="tc1" time="11.309" classname="Projpack.TestCase1"/>
  <system-out/>
</testsuite> <!-- Projpack.TestCase1 -->
